<?xml version="1.0" encoding="UTF-8"?>
<testsuite xmlns:xsi="http://www.w3.org/2001/XMLSchema-instance" xsi:noNamespaceSchemaLocation="https://maven.apache.org/surefire/maven-surefire-plugin/xsd/surefire-test-report.xsd" name="UsuariosTest.UsuariosTest" time="0.327" tests="1" errors="0" skipped="0" failures="1">
  <properties>
[...]
</properties>
  <testcase name="AgregarUsuarioTest" classname="UsuariosTest.UsuariosTest" time="0.32">
    <failure message="ERROR AL GUARDAR EL USUARIO ==&gt; expected: &lt;true&gt; but was: &lt;false&gt;" type="org.opentest4j.AssertionFailedError"><![CDATA[org.opentest4j.AssertionFailedError: ERROR AL GUARDAR EL USUARIO ==> expected: <true> but was: <false>
	at UsuariosTest.UsuariosTest.AgregarUsuarioTest(UsuariosTest.java:32)
]]></failure>
    <system-out><![CDATA[conexion establecida
Cerrar conexion registrar
false]]></system-out>
    <system-err><![CDATA[java.sql.SQLIntegrityConstraintViolationException: Duplicate entry '12341414' for key 'PRIMARY'
]]></system-err>
  </testcase>
</testsuite>