-------------------------------------------------------------------------------
Test set: UsuariosTest.UsuariosTest
-------------------------------------------------------------------------------
Tests run: 1, Failures: 1, Errors: 0, Skipped: 0, Time elapsed: 0.327 s <<< FAILURE! - in UsuariosTest.UsuariosTest
AgregarUsuarioTest  Time elapsed: 0.32 s  <<< FAILURE!
org.opentest4j.AssertionFailedError: ERROR AL GUARDAR EL USUARIO ==> expected: <true> but was: <false>
	at UsuariosTest.UsuariosTest.AgregarUsuarioTest(UsuariosTest.java:32)

